Arguments: 
  C:\Program Files\nodejs\node.exe C:\Program Files (x86)\Yarn\bin\yarn.js add pdffiller

PATH: 
  C:\ProgramData\Oracle\Java\javapath;C:\WINDOWS\system32;C:\WINDOWS;C:\WINDOWS\System32\Wbem;C:\WINDOWS\System32\WindowsPowerShell\v1.0\;C:\Program Files (x86)\Total Network Inventory 3\Nmap;C:\Program Files (x86)\QuickTime\QTSystem\;C:\Program Files (x86)\Microsoft ASP.NET\ASP.NET Web Pages\v1.0\;C:\Program Files (x86)\ATI Technologies\ATI.ACE\Core-Static;C:\Program Files (x86)\Microsoft SQL Server\100\Tools\Binn\;C:\Program Files\Microsoft SQL Server\100\Tools\Binn\;C:\Program Files\Microsoft SQL Server\100\DTS\Binn\;C:\Program Files (x86)\Microsoft SQL Server\100\Tools\Binn\VSShell\Common7\IDE\;C:\Program Files (x86)\Microsoft Visual Studio 9.0\Common7\IDE\PrivateAssemblies\;C:\Program Files (x86)\Microsoft SQL Server\100\DTS\Binn\;C:\Program Files (x86)\D-Link\Central WifiManager\php5;E:\mongodb\bin;C:\Program Files (x86)\PDFtk Server\bin\;C:\Program Files (x86)\Yarn\bin\;C:\Program Files\nodejs\;E:\Francisco\proy\WebApp\nodejs\api\node_modules\nodemon\bin;C:\Users\informatico1.CARIBETROPICAL\AppData\Local\Yarn\bin;C:\Users\informatico1.CARIBETROPICAL\AppData\Roaming\npm

Yarn version: 
  1.10.1

Node version: 
  10.11.0

Platform: 
  win32 x64

Trace: 
  Error: https://registry.npmjs.org/bcrypt-nodejs: tunneling socket could not be established, statusCode=407
      at ClientRequest.onConnect (C:\Program Files (x86)\Yarn\lib\cli.js:132507:19)
      at Object.onceWrapper (events.js:273:13)
      at ClientRequest.emit (events.js:182:13)
      at Socket.socketOnData (_http_client.js:474:11)
      at Socket.emit (events.js:182:13)
      at addChunk (_stream_readable.js:283:12)
      at readableAddChunk (_stream_readable.js:264:11)
      at Socket.Readable.push (_stream_readable.js:219:10)
      at TCP.onStreamRead [as onread] (internal/stream_base_commons.js:94:17)

npm manifest: 
  {
    "name": "nodejs",
    "version": "1.0.0",
    "description": "Backend to WebAapp",
    "main": "index.js",
    "scripts": {
      "start": "nodemon index.js",
      "test": "echo \"Error: no test specified\" && exit 1"
    },
    "author": "Hector L Ortega",
    "license": "MIT",
    "dependencies": {
      "bcrypt-nodejs": "0.0.3",
      "body-parser": "^1.18.3",
      "connect-multiparty": "^2.1.1",
      "express": "^4.16.3",
      "formidable": "^1.2.1",
      "jwt-simple": "^0.5.1",
      "moment": "^2.22.2",
      "mongoose": "^5.2.5",
      "pdffiller": "0.0.10"
    },
    "devDependencies": {
      "nodemon": "^1.18.3"
    }
  }

yarn manifest: 
  No manifest

Lockfile: 
  No lockfile
